INFO:root:



INFO:root:The following files were changed: [u'site-cookbooks/anaplan_sdp_tomcat/templates/default/conf/cas.properties.erb']
INFO:rq.worker:[32mJob OK[39;49;00m
INFO:rq.worker:Result is kept for 500 seconds
INFO:root:



INFO:root:The following files were changed: [u'site-cookbooks/anaplan_sdp_tomcat/templates/default/conf/cas.properties.erb']
INFO:rq.worker:[32mJob OK[39;49;00m
INFO:rq.worker:Result is kept for 500 seconds
INFO:root:



INFO:root:The following files were changed: [u'site-cookbooks/anaplan_sdp_tomcat/templates/default/conf/cas.properties.erb']
INFO:rq.worker:[32mJob OK[39;49;00m
INFO:rq.worker:Result is kept for 500 seconds
INFO:root:



INFO:root:The following files were changed: [u'site-cookbooks/anaplan_sdp_tomcat/templates/default/conf/cas.properties.erb']
INFO:rq.worker:[32mJob OK[39;49;00m
INFO:rq.worker:Result is kept for 500 seconds
INFO:root:



INFO:root:The following files were changed: [u'site-cookbooks/anaplan_sdp_tomcat/templates/default/conf/cas.properties.erb']
INFO:rq.worker:[32mJob OK[39;49;00m
INFO:rq.worker:Result is kept for 500 seconds
INFO:root:



INFO:root:



INFO:root:



INFO:root:The following files were changed: [u'site-cookbooks/anaplan_sdp_tomcat/templates/default/conf/cas.properties.erb']
INFO:rq.worker:[32mJob OK[39;49;00m
INFO:rq.worker:Result is kept for 500 seconds
INFO:root:



INFO:werkzeug: * Running on http://0.0.0.0:5000/ (Press CTRL+C to quit)
INFO:werkzeug:127.0.0.1 - - [24/Apr/2016 22:57:19] "POST /githook HTTP/1.1" 200 -
INFO:root:



INFO:root:The following files were changed: [u'site-cookbooks/anaplan_sdp_tomcat/templates/default/conf/cas.properties.erb']
INFO:rq.worker:[32mJob OK[39;49;00m
INFO:rq.worker:Result is kept for 500 seconds
INFO:werkzeug:127.0.0.1 - - [25/Apr/2016 09:32:20] "POST /githook HTTP/1.1" 200 -
INFO:root:



INFO:root:The following files were changed: [u'site-cookbooks/anaplan_sdp_tomcat/templates/default/conf/cas.properties.erb']
INFO:rq.worker:[32mJob OK[39;49;00m
INFO:rq.worker:Result is kept for 500 seconds
INFO:werkzeug:127.0.0.1 - - [25/Apr/2016 09:32:22] "POST /githook HTTP/1.1" 200 -
INFO:root:



INFO:root:The following files were changed: [u'site-cookbooks/anaplan_sdp_tomcat/templates/default/conf/cas.properties.erb']
INFO:rq.worker:[32mJob OK[39;49;00m
INFO:rq.worker:Result is kept for 500 seconds
INFO:werkzeug:127.0.0.1 - - [25/Apr/2016 10:42:10] "POST /githook HTTP/1.1" 200 -
INFO:root:



INFO:root:The following files were changed: [u'site-cookbooks/anaplan_sdp_tomcat/templates/default/conf/cas.properties.erb']
INFO:rq.worker:[32mJob OK[39;49;00m
INFO:rq.worker:Result is kept for 500 seconds
INFO:werkzeug:127.0.0.1 - - [25/Apr/2016 10:42:15] "POST /githook HTTP/1.1" 200 -
INFO:root:



INFO:werkzeug:127.0.0.1 - - [25/Apr/2016 10:42:16] "POST /githook HTTP/1.1" 200 -
INFO:root:The following files were changed: [u'site-cookbooks/anaplan_sdp_tomcat/templates/default/conf/cas.properties.erb']
INFO:rq.worker:[32mJob OK[39;49;00m
INFO:rq.worker:Result is kept for 500 seconds
INFO:root:



INFO:root:The following files were changed: [u'site-cookbooks/anaplan_sdp_tomcat/templates/default/conf/cas.properties.erb']
INFO:rq.worker:[32mJob OK[39;49;00m
INFO:rq.worker:Result is kept for 500 seconds
INFO:root:



INFO:root:



INFO:werkzeug: * Running on http://0.0.0.0:5000/ (Press CTRL+C to quit)
INFO:werkzeug:127.0.0.1 - - [25/Apr/2016 11:44:45] "POST /githook HTTP/1.1" 200 -
INFO:root:



INFO:root:The following files were changed: [u'site-cookbooks/anaplan_sdp_tomcat/templates/default/conf/cas.properties.erb']
INFO:rq.worker:[32mJob OK[39;49;00m
INFO:rq.worker:Result is kept for 500 seconds
INFO:werkzeug:127.0.0.1 - - [25/Apr/2016 11:54:59] "POST /githook HTTP/1.1" 200 -
INFO:root:



INFO:root:The following files were changed: [u'site-cookbooks/anaplan_sdp_tomcat/templates/default/conf/cas.properties.erb']
INFO:rq.worker:[32mJob OK[39;49;00m
INFO:rq.worker:Result is kept for 500 seconds
INFO:root:



INFO:werkzeug: * Running on http://0.0.0.0:5000/ (Press CTRL+C to quit)
INFO:werkzeug:127.0.0.1 - - [25/Apr/2016 16:49:38] "POST /githook HTTP/1.1" 200 -
INFO:root:



INFO:root:The following files were changed: [u'site-cookbooks/anaplan_sdp_tomcat/templates/default/conf/cas.properties.erb']
INFO:rq.worker:[32mJob OK[39;49;00m
INFO:rq.worker:Result is kept for 500 seconds
INFO:werkzeug:127.0.0.1 - - [25/Apr/2016 16:50:10] "POST /githook HTTP/1.1" 200 -
INFO:root:



INFO:root:The following files were changed: [u'site-cookbooks/anaplan_sdp_tomcat/templates/default/conf/cas.properties.erb']
INFO:rq.worker:[32mJob OK[39;49;00m
INFO:rq.worker:Result is kept for 500 seconds
INFO:werkzeug:127.0.0.1 - - [25/Apr/2016 16:51:12] "POST /githook HTTP/1.1" 200 -
INFO:root:



INFO:root:The following files were changed: [u'site-cookbooks/anaplan_sdp_tomcat/templates/default/conf/cas.properties.erb', u'environments/paris1.rb']
INFO:rq.worker:[32mJob OK[39;49;00m
INFO:rq.worker:Result is kept for 500 seconds
INFO:werkzeug:127.0.0.1 - - [25/Apr/2016 16:51:36] "POST /githook HTTP/1.1" 200 -
INFO:root:



INFO:root:The following files were changed: [u'site-cookbooks/anaplan_sdp_tomcat/templates/default/conf/cas.properties.erb', u'environments/paris1.rb']
INFO:rq.worker:[32mJob OK[39;49;00m
INFO:rq.worker:Result is kept for 500 seconds
INFO:werkzeug:127.0.0.1 - - [25/Apr/2016 16:52:14] "POST /githook HTTP/1.1" 200 -
INFO:root:



INFO:root:The following files were changed: [u'site-cookbooks/anaplan_sdp_tomcat/templates/default/conf/cas.properties.erb', u'environments/paris1.rb']
INFO:rq.worker:[32mJob OK[39;49;00m
INFO:rq.worker:Result is kept for 500 seconds
INFO:werkzeug:127.0.0.1 - - [25/Apr/2016 17:07:22] "POST /githook HTTP/1.1" 200 -
INFO:werkzeug:127.0.0.1 - - [25/Apr/2016 17:07:34] "POST /githook HTTP/1.1" 200 -
INFO:root:



INFO:root:The following files were changed: [u'site-cookbooks/anaplan_sdp_tomcat/templates/default/conf/cas.properties.erb', u'environments/paris1.rb']
INFO:rq.worker:[32mJob OK[39;49;00m
INFO:rq.worker:Result is kept for 500 seconds
INFO:werkzeug:127.0.0.1 - - [25/Apr/2016 17:09:08] "POST /githook HTTP/1.1" 200 -
INFO:root:



INFO:root:The following files were changed: [u'site-cookbooks/anaplan_sdp_tomcat/templates/default/conf/cas.properties.erb', u'environments/paris1.rb']
INFO:rq.worker:[32mJob OK[39;49;00m
INFO:rq.worker:Result is kept for 500 seconds
INFO:werkzeug:127.0.0.1 - - [25/Apr/2016 17:09:24] "POST /githook HTTP/1.1" 200 -
INFO:root:



INFO:root:The following files were changed: [u'site-cookbooks/anaplan_sdp_tomcat/templates/default/conf/cas.properties.erb', u'environments/sf.rb']
INFO:rq.worker:[32mJob OK[39;49;00m
INFO:rq.worker:Result is kept for 500 seconds
INFO:werkzeug:127.0.0.1 - - [25/Apr/2016 17:10:06] "POST /githook HTTP/1.1" 200 -
INFO:root:



INFO:root:The following files were changed: [u'site-cookbooks/anaplan_sdp_tomcat/templates/default/conf/cas.properties.erb', u'environments/sf.rb']
INFO:rq.worker:[32mJob OK[39;49;00m
INFO:rq.worker:Result is kept for 500 seconds
INFO:werkzeug:127.0.0.1 - - [25/Apr/2016 17:10:16] "POST /githook HTTP/1.1" 200 -
INFO:root:



INFO:root:The following files were changed: [u'site-cookbooks/anaplan_sdp_tomcat/templates/default/conf/cas.properties.erb', u'environments/sf.rb']
INFO:rq.worker:[32mJob OK[39;49;00m
INFO:rq.worker:Result is kept for 500 seconds
INFO:werkzeug:127.0.0.1 - - [25/Apr/2016 17:10:55] "POST /githook HTTP/1.1" 200 -
INFO:root:



INFO:root:The following files were changed: [u'site-cookbooks/anaplan_sdp_tomcat/templates/default/conf/cas.properties.erb', u'environments/sf.rb']
INFO:rq.worker:[32mJob OK[39;49;00m
INFO:rq.worker:Result is kept for 500 seconds
INFO:werkzeug:127.0.0.1 - - [25/Apr/2016 17:11:22] "POST /githook HTTP/1.1" 200 -
INFO:root:



INFO:root:The following files were changed: [u'site-cookbooks/anaplan_sdp_tomcat/templates/default/conf/cas.properties.erb', u'environments/sf.rb']
INFO:rq.worker:[32mJob OK[39;49;00m
INFO:rq.worker:Result is kept for 500 seconds
INFO:werkzeug:127.0.0.1 - - [25/Apr/2016 17:22:01] "POST /githook HTTP/1.1" 200 -
INFO:root:



INFO:root:The following files were changed: [u'site-cookbooks/anaplan_sdp_tomcat/templates/default/conf/cas.properties.erb', u'environments/sf.rb']
INFO:rq.worker:[32mJob OK[39;49;00m
INFO:rq.worker:Result is kept for 500 seconds
INFO:werkzeug:127.0.0.1 - - [25/Apr/2016 17:22:11] "POST /githook HTTP/1.1" 200 -
INFO:root:



INFO:root:The following files were changed: [u'site-cookbooks/anaplan_sdp_tomcat/templates/default/conf/cas.properties.erb', u'environments/paris1.rb']
INFO:rq.worker:[32mJob OK[39;49;00m
INFO:rq.worker:Result is kept for 500 seconds
INFO:werkzeug:127.0.0.1 - - [25/Apr/2016 18:00:44] "POST /githook HTTP/1.1" 200 -
INFO:root:



INFO:root:The following files were changed: [u'site-cookbooks/anaplan_sdp_tomcat/templates/default/conf/cas.properties.erb', u'environments/paris1.rb']
INFO:rq.worker:[32mJob OK[39;49;00m
INFO:rq.worker:Result is kept for 500 seconds
INFO:werkzeug:127.0.0.1 - - [25/Apr/2016 18:12:08] "POST /githook HTTP/1.1" 200 -
INFO:root:



INFO:root:The following files were changed: [u'site-cookbooks/anaplan_sdp_tomcat/templates/default/conf/cas.properties.erb', u'environments/paris1.rb']
INFO:rq.worker:[32mJob OK[39;49;00m
INFO:rq.worker:Result is kept for 500 seconds
INFO:werkzeug:127.0.0.1 - - [25/Apr/2016 23:42:15] "POST /githook HTTP/1.1" 200 -
INFO:root:



INFO:root:The following files were changed: [u'site-cookbooks/anaplan_sdp_tomcat/templates/default/conf/cas.properties.erb', u'environments/paris1.rb']
INFO:rq.worker:[32mJob OK[39;49;00m
INFO:rq.worker:Result is kept for 500 seconds
INFO:werkzeug:127.0.0.1 - - [25/Apr/2016 23:42:24] "POST /githook HTTP/1.1" 200 -
INFO:root:



INFO:root:The following files were changed: [u'site-cookbooks/anaplan_sdp_tomcat/templates/default/conf/cas.properties.erb', u'environments/paris1.rb']
INFO:rq.worker:[32mJob OK[39;49;00m
INFO:rq.worker:Result is kept for 500 seconds
INFO:root:



INFO:werkzeug: * Running on http://0.0.0.0:5000/ (Press CTRL+C to quit)
INFO:werkzeug:127.0.0.1 - - [26/Apr/2016 15:59:54] "POST /githook HTTP/1.1" 200 -
INFO:root:



INFO:root:The following files were changed: [u'site-cookbooks/anaplan_sdp_tomcat/templates/default/conf/cas.properties.erb', u'environments/paris1.rb']
INFO:rq.worker:[32mJob OK[39;49;00m
INFO:rq.worker:Result is kept for 500 seconds
INFO:werkzeug:127.0.0.1 - - [26/Apr/2016 16:00:41] "POST /githook HTTP/1.1" 200 -
INFO:root:



INFO:root:The following files were changed: [u'site-cookbooks/anaplan_sdp_tomcat/templates/default/conf/cas.properties.erb', u'environments/paris1.rb']
INFO:rq.worker:[32mJob OK[39;49;00m
INFO:rq.worker:Result is kept for 500 seconds
